d:\playground\hotelbooking\debug\vc142.pdb
d:\playground\hotelbooking\debug\vc142.idb
d:\playground\hotelbooking\debug\protocolparser.obj
d:\playground\hotelbooking\debug\requestfactoryinterface.obj
d:\playground\hotelbooking\debug\requestfactory.obj
d:\playground\hotelbooking\debug\requestinterface.obj
d:\playground\hotelbooking\debug\protocolparserinterface.obj
d:\playground\hotelbooking\debug\hotelbooking.obj
d:\playground\hotelbooking\debug\hotel.obj
d:\playground\hotelbooking\debug\requests.obj
d:\playground\hotelbooking\debug\bookinglist.obj
d:\playground\hotelbooking\debug\bookingdbinterface.obj
d:\playground\hotelbooking\debug\bookingdb.obj
d:\playground\hotelbooking\debug\bookingapp.obj
d:\playground\hotelbooking\debug\booking.obj
d:\playground\hotelbooking\debug\hotelbooking.ilk
d:\playground\hotelbooking\debug\hotelbooking.exe
d:\playground\hotelbooking\debug\hotelbooking.pdb
d:\playground\hotelbooking\debug\hotelbooking.tlog\cl.command.1.tlog
d:\playground\hotelbooking\debug\hotelbooking.tlog\cl.read.1.tlog
d:\playground\hotelbooking\debug\hotelbooking.tlog\cl.write.1.tlog
d:\playground\hotelbooking\debug\hotelbooking.tlog\link.command.1.tlog
d:\playground\hotelbooking\debug\hotelbooking.tlog\link.read.1.tlog
d:\playground\hotelbooking\debug\hotelbooking.tlog\link.write.1.tlog
